============================================================
  Generated by:           Encounter(R) RTL Compiler v09.10-p104_1
  Generated on:           Nov 18 2021  02:25:55 PM
  Module:                 dadda_16x16_uncompressed3
  Technology libraries:   tcbn65gplustc 200
                          physical_cells 
  Operating conditions:   NCCOM 
  Interconnect mode:      global
  Area mode:              physical library
============================================================

                                 Leakage   Dynamic    Total   
         Instance         Cells Power(nW) Power(nW) Power(nW) 
--------------------------------------------------------------
dadda_16x16_uncompressed3     0     0.000 16776.500 16776.500 
  P_var                       0     0.000  6522.750  6522.750 
  fa1                         0     0.000   130.000   130.000 
  fa10                        0     0.000   126.750   126.750 
  fa100                       0     0.000   130.000   130.000 
  fa101                       0     0.000   130.000   130.000 
  fa102                       0     0.000   130.000   130.000 
  fa103                       0     0.000   130.000   130.000 
  fa104                       0     0.000   130.000   130.000 
  fa105                       0     0.000   126.750   126.750 
  fa106                       0     0.000   130.000   130.000 
  fa107                       0     0.000   130.000   130.000 
  fa108                       0     0.000   130.000   130.000 
  fa109                       0     0.000   130.000   130.000 
  fa11                        0     0.000   130.000   130.000 
  fa111                       0     0.000   130.000   130.000 
  fa113                       0     0.000   130.000   130.000 
  fa114                       0     0.000   130.000   130.000 
  fa115                       0     0.000   130.000   130.000 
  fa116                       0     0.000   130.000   130.000 
  fa117                       0     0.000   130.000   130.000 
  fa118                       0     0.000   130.000   130.000 
  fa119                       0     0.000   130.000   130.000 
  fa120                       0     0.000   130.000   130.000 
  fa121                       0     0.000   130.000   130.000 
  fa122                       0     0.000   130.000   130.000 
  fa123                       0     0.000   130.000   130.000 
  fa124                       0     0.000   130.000   130.000 
  fa125                       0     0.000   130.000   130.000 
  fa126                       0     0.000   130.000   130.000 
  fa127                       0     0.000   130.000   130.000 
  fa128                       0     0.000   130.000   130.000 
  fa129                       0     0.000   123.500   123.500 
  fa13                        0     0.000   130.000   130.000 
  fa130                       0     0.000   130.000   130.000 
  fa131                       0     0.000   130.000   130.000 
  fa132                       0     0.000   130.000   130.000 
  fa133                       0     0.000   130.000   130.000 
  fa134                       0     0.000   123.500   123.500 
  fa135                       0     0.000   130.000   130.000 
  fa136                       0     0.000   130.000   130.000 
  fa137                       0     0.000   130.000   130.000 
  fa138                       0     0.000   130.000   130.000 
  fa139                       0     0.000   130.000   130.000 
  fa140                       0     0.000   130.000   130.000 
  fa141                       0     0.000   130.000   130.000 
  fa142                       0     0.000   130.000   130.000 
  fa143                       0     0.000   130.000   130.000 
  fa144                       0     0.000   130.000   130.000 
  fa145                       0     0.000   130.000   130.000 
  fa146                       0     0.000   130.000   130.000 
  fa147                       0     0.000   130.000   130.000 
  fa148                       0     0.000   130.000   130.000 
  fa149                       0     0.000   130.000   130.000 
  fa15                        0     0.000   130.000   130.000 
  fa150                       0     0.000   130.000   130.000 
  fa151                       0     0.000   130.000   130.000 
  fa152                       0     0.000   130.000   130.000 
  fa153                       0     0.000   130.000   130.000 
  fa154                       0     0.000   130.000   130.000 
  fa155                       0     0.000   130.000   130.000 
  fa157                       0     0.000   130.000   130.000 
  fa158                       0     0.000   126.750   126.750 
  fa159                       0     0.000   130.000   130.000 
  fa16                        0     0.000   130.000   130.000 
  fa160                       0     0.000   130.000   130.000 
  fa161                       0     0.000   130.000   130.000 
  fa162                       0     0.000   130.000   130.000 
  fa163                       0     0.000   130.000   130.000 
  fa164                       0     0.000   130.000   130.000 
  fa165                       0     0.000   130.000   130.000 
  fa166                       0     0.000   130.000   130.000 
  fa167                       0     0.000   130.000   130.000 
  fa168                       0     0.000   123.500   123.500 
  fa169                       0     0.000   130.000   130.000 
  fa170                       0     0.000   130.000   130.000 
  fa171                       0     0.000   130.000   130.000 
  fa172                       0     0.000   130.000   130.000 
  fa173                       0     0.000   130.000   130.000 
  fa174                       0     0.000   130.000   130.000 
  fa175                       0     0.000   130.000   130.000 
  fa176                       0     0.000   130.000   130.000 
  fa177                       0     0.000   130.000   130.000 
  fa178                       0     0.000   130.000   130.000 
  fa179                       0     0.000   130.000   130.000 
  fa18                        0     0.000   126.750   126.750 
  fa180                       0     0.000   130.000   130.000 
  fa181                       0     0.000   130.000   130.000 
  fa183                       0     0.000    78.000    78.000 
  fa184                       0     0.000    78.000    78.000 
  fa185                       0     0.000    74.750    74.750 
  fa186                       0     0.000    78.000    78.000 
  fa187                       0     0.000    78.000    78.000 
  fa188                       0     0.000    78.000    78.000 
  fa189                       0     0.000    78.000    78.000 
  fa19                        0     0.000   130.000   130.000 
  fa190                       0     0.000    78.000    78.000 
  fa191                       0     0.000    78.000    78.000 
  fa192                       0     0.000    78.000    78.000 
  fa193                       0     0.000    78.000    78.000 
  fa194                       0     0.000    78.000    78.000 
  fa195                       0     0.000    78.000    78.000 
  fa196                       0     0.000    78.000    78.000 
  fa197                       0     0.000    78.000    78.000 
  fa198                       0     0.000    78.000    78.000 
  fa199                       0     0.000    78.000    78.000 
  fa20                        0     0.000   123.500   123.500 
  fa200                       0     0.000    78.000    78.000 
  fa201                       0     0.000    78.000    78.000 
  fa202                       0     0.000    78.000    78.000 
  fa203                       0     0.000    78.000    78.000 
  fa204                       0     0.000    78.000    78.000 
  fa205                       0     0.000    78.000    78.000 
  fa206                       0     0.000    78.000    78.000 
  fa207                       0     0.000    78.000    78.000 
  fa208                       0     0.000    78.000    78.000 
  fa209                       0     0.000    78.000    78.000 
  fa22                        0     0.000   130.000   130.000 
  fa23                        0     0.000   130.000   130.000 
  fa24                        0     0.000   123.500   123.500 
  fa25                        0     0.000   130.000   130.000 
  fa26                        0     0.000   130.000   130.000 
  fa27                        0     0.000   136.500   136.500 
  fa28                        0     0.000   130.000   130.000 
  fa29                        0     0.000   126.750   126.750 
  fa3                         0     0.000   130.000   130.000 
  fa30                        0     0.000   130.000   130.000 
  fa31                        0     0.000   143.000   143.000 
  fa32                        0     0.000   130.000   130.000 
  fa33                        0     0.000   130.000   130.000 
  fa34                        0     0.000   130.000   130.000 
  fa35                        0     0.000   130.000   130.000 
  fa36                        0     0.000   130.000   130.000 
  fa37                        0     0.000   130.000   130.000 
  fa38                        0     0.000   130.000   130.000 
  fa39                        0     0.000   130.000   130.000 
  fa4                         0     0.000   130.000   130.000 
  fa40                        0     0.000   126.750   126.750 
  fa41                        0     0.000   130.000   130.000 
  fa42                        0     0.000   130.000   130.000 
  fa43                        0     0.000   130.000   130.000 
  fa44                        0     0.000   130.000   130.000 
  fa45                        0     0.000   130.000   130.000 
  fa46                        0     0.000   130.000   130.000 
  fa47                        0     0.000   130.000   130.000 
  fa48                        0     0.000   130.000   130.000 
  fa49                        0     0.000   130.000   130.000 
  fa50                        0     0.000   130.000   130.000 
  fa51                        0     0.000   130.000   130.000 
  fa52                        0     0.000   130.000   130.000 
  fa53                        0     0.000   130.000   130.000 
  fa54                        0     0.000   123.500   123.500 
  fa55                        0     0.000   130.000   130.000 
  fa57                        0     0.000   130.000   130.000 
  fa59                        0     0.000   130.000   130.000 
  fa6                         0     0.000   130.000   130.000 
  fa60                        0     0.000   130.000   130.000 
  fa62                        0     0.000   130.000   130.000 
  fa63                        0     0.000   130.000   130.000 
  fa64                        0     0.000   130.000   130.000 
  fa65                        0     0.000   130.000   130.000 
  fa66                        0     0.000   130.000   130.000 
  fa67                        0     0.000   130.000   130.000 
  fa68                        0     0.000   130.000   130.000 
  fa69                        0     0.000   130.000   130.000 
  fa7                         0     0.000   130.000   130.000 
  fa70                        0     0.000   130.000   130.000 
  fa71                        0     0.000   130.000   130.000 
  fa72                        0     0.000   130.000   130.000 
  fa73                        0     0.000   117.000   117.000 
  fa74                        0     0.000   126.750   126.750 
  fa75                        0     0.000   130.000   130.000 
  fa76                        0     0.000   130.000   130.000 
  fa77                        0     0.000   130.000   130.000 
  fa78                        0     0.000   130.000   130.000 
  fa79                        0     0.000   130.000   130.000 
  fa80                        0     0.000   130.000   130.000 
  fa81                        0     0.000   130.000   130.000 
  fa82                        0     0.000   130.000   130.000 
  fa83                        0     0.000   130.000   130.000 
  fa84                        0     0.000   130.000   130.000 
  fa85                        0     0.000   123.500   123.500 
  fa86                        0     0.000   130.000   130.000 
  fa87                        0     0.000   130.000   130.000 
  fa88                        0     0.000   130.000   130.000 
  fa89                        0     0.000   130.000   130.000 
  fa9                         0     0.000   130.000   130.000 
  fa90                        0     0.000   130.000   130.000 
  fa91                        0     0.000   126.750   126.750 
  fa92                        0     0.000   130.000   130.000 
  fa93                        0     0.000   130.000   130.000 
  fa94                        0     0.000   130.000   130.000 
  fa95                        0     0.000   130.000   130.000 
  fa96                        0     0.000   130.000   130.000 
  fa97                        0     0.000   130.000   130.000 
  fa98                        0     0.000   130.000   130.000 
  fa99                        0     0.000   130.000   130.000 
  ha0                         0     0.000   104.000   104.000 
  ha110                       0     0.000   104.000   104.000 
  ha112                       0     0.000   104.000   104.000 
  ha12                        0     0.000   104.000   104.000 
  ha14                        0     0.000   104.000   104.000 
  ha156                       0     0.000   104.000   104.000 
  ha17                        0     0.000   100.750   100.750 
  ha182                       0     0.000    52.000    52.000 
  ha2                         0     0.000   104.000   104.000 
  ha21                        0     0.000   100.750   100.750 
  ha5                         0     0.000   117.000   117.000 
  ha56                        0     0.000   104.000   104.000 
  ha58                        0     0.000   104.000   104.000 
  ha61                        0     0.000   104.000   104.000 
  ha8                         0     0.000   104.000   104.000 

