============================================================
  Generated by:           Encounter(R) RTL Compiler v09.10-p104_1
  Generated on:           Nov 18 2021  02:25:55 PM
  Module:                 dadda_16x16_uncompressed3
  Technology libraries:   tcbn65gplustc 200
                          physical_cells 
  Operating conditions:   NCCOM 
  Interconnect mode:      global
  Area mode:              physical library
============================================================

Timing
------

  Cost    Critical       Violating 
 Group   Path Slack TNS    Paths   
-----------------------------------
default    No paths   0            
-----------------------------------
Total                 0          0 

Instance Count
--------------

Leaf Instance Count              0 
Sequential Instance Count        0 
Combinational Instance Count     0 
Hierarchical Instance Count    211 

Area & Power
------------
Total Area                         2051.037
Cell Area                          0.000
Leakage Power                      0.000 nW
Dynamic Power                      16776.500 nW
Total Power                        16776.500 nW


Max Fanout                         3 (p[6][9])
Min Fanout                         0 (p[1])
Average Fanout                     1.8
Terms to net ratio                 0.0
Runtime                            8 seconds
Hostname                           big.cerc.utexas.edu
