21:20:41    16 -->                                                             [tcl] ucliGUI::connect -toolargs -ucligui -toolexe ./simv -pid 45242 -toolin /tmp/vcs_20211117032038_45241_sxie..stdin -toolout /tmp/vcs_20211117032038_45241_sxie..stdout  
21:20:41    17 -->                                                                 [tcl] set ucliGUI::state
21:20:41    18 -->                                                                     [tcl] gui_update_simulator_buttons
21:20:42    19 -->                                                                         [tcl] set ucliGUI::state
21:20:42    20 -->                                                                             [tcl] ucliCore::getToolPID
21:20:42    21 -->                                                                                 [tcl] synopsys::env hasTB
21:20:42    22 -->                                                                                     [tcl] trigger_hier_stack_context_switch 0
21:20:42    23 -->                                                                                         [tcl] synUtils::setDVEInitPhase 1
21:20:42    24 -->                                                                                             [tcl] gui_get_env SIMSETUP::SIMVPD
21:20:42    25 --> ...  [tcl] synopsys::dump -type VPD -file /home/polaris/sxie/tsmc65/verilog/Dadda_Multiplier_w_Compressor/half_adder/inter.vpd -locking
21:20:42    26 --> ...      [tcl] synopsys::dump -autoflush on -fid VPD0
21:20:42    27 --> ...          [tcl] set ::dve_fid VPD0
21:20:42    28 --> ...              [tcl] synUtils::setDVEInitPhase 0
21:20:42    29 --> ...                  [tcl] ucliCore::getToolPID
21:20:42    30 --> ...                      [tcl] synUtils::sendTool -active _icl_setToolSocket /tmp/smlnpn9Zu1R
21:20:42    31 --> ...                          [tcl] synUtils::sendTool -active {_icl_start_rpc -version "M-2017.03-SP2_Full64" -sync_file /tmp/vcs_dve_rpc.sxie.45242}
21:20:42    32 --> ...                              [tcl] synUtils::sendTool -active {_icl_createSharedMemory /tmp/vcs_dve_general.sxie.45242}
21:20:42    33 --> ...                                  [tcl] dveMisc::vbusExpand timeunit
21:20:42    34 --> ...                                      [tcl] config endofsim noexit
21:20:42    35 --> ...                                          [tcl] config onfail enable all
21:20:42    36 --> ...                                              [tcl] config syscaddplainmembers
21:20:42    37 --> ...                                                  [tcl] config syscaddsourcenames
21:20:42    38 --> ...                                                      [tcl] config syscaddstructtypes
21:20:42    39 --> ...                                                          [tcl] synopsys::listing -disable
21:20:49    40 --> ...                                                              [tcl] dveMisc::vbusExpand half_adder_test.half_adder_uut
21:20:53    41 --> ...                                                                  [tcl] synopsys::dump -add {half_adder_test.half_adder_uut} -scope "." -depth 1 -fid VPD0
21:21:01    42 --> ...                                                                      [tcl] synopsys::run -relative 1000000.000000ps
21:21:01    43 --> ...                                                                          [tcl] set ucliGUI::state
21:21:01    44 --> ...                                                                              [tcl] gui_update_simulator_buttons
21:21:01    45 --> ...                                                                                  [tcl] set ucliGUI::state
21:21:01    46 --> ...                                                                                      [tcl] set ucliGUI::state
21:21:01    47 --> ...                                                                                          [tcl] set ucliGUI::state
21:21:01    48 --> ...                                                                                              [tcl] set ucliGUI::state
21:21:01    49 --> ...                                                                                                  [tcl] catch {senv activeDomain} dveMisc::result 
21:21:01    50 --> ...  [tcl] set dveMisc::result
21:21:01    51 --> ...      [tcl] gui_update_simulator_buttons
21:21:17    52 --> ...          [tcl] synopsys::run -relative 1000000.000000ps
21:21:17    53 --> ...              [tcl] set ucliGUI::state
21:21:17    54 --> ...                  [tcl] gui_update_simulator_buttons
21:21:17    55 --> ...                      [tcl] set ucliGUI::state
21:21:17    56 --> ...                          [tcl] set ucliGUI::state
21:21:17    57 --> ...                              [tcl] set ucliGUI::state
21:21:17    58 --> ...                                  [tcl] set ucliGUI::state
21:21:17    59 --> ...                                      [tcl] catch {senv activeDomain} dveMisc::result 
21:21:17    60 --> ...                                          [tcl] set dveMisc::result
21:21:17    61 --> ...                                              [tcl] gui_update_simulator_buttons
21:24:28    62 --> ...                                                  [tcl] if [catch {gui_sim_terminate}] {gui_sim_terminate -kill}
21:24:28    63 --> ...                                                      [tcl] synopsys::finish
21:24:28    64 --> ...                                                          [tcl] set ucliGUI::state
21:24:28    65 --> ...                                                              [tcl] gui_update_simulator_buttons
21:24:28    66 --> ...                                                                  [tcl] set ucliGUI::state
21:24:28    67 --> ...                                                                      [tcl] catch {senv activeDomain} dveMisc::result 
21:24:28    68 --> ...                                                                          [tcl] set dveMisc::result
21:24:28    69 --> ...                                                                              [tcl] gui_update_simulator_buttons
21:24:28    70 --> ...                                                                                  [tcl] catch {senv activeDomain} dveMisc::result 
21:24:28    71 --> ...                                                                                      [tcl] set dveMisc::result
21:24:28    72 --> ...                                                                                          [tcl] ucli_exit
