============================================================
  Generated by:           Encounter(R) RTL Compiler v09.10-p104_1
  Generated on:           Nov 18 2021  02:27:19 PM
  Module:                 dadda_8x8_uncompressed
  Technology libraries:   tcbn65gplustc 200
                          physical_cells 
  Operating conditions:   NCCOM 
  Interconnect mode:      global
  Area mode:              physical library
============================================================

Timing
------

  Cost    Critical       Violating 
 Group   Path Slack TNS    Paths   
-----------------------------------
default    No paths   0            
-----------------------------------
Total                 0          0 

Instance Count
--------------

Leaf Instance Count             0 
Sequential Instance Count       0 
Combinational Instance Count    0 
Hierarchical Instance Count    43 

Area & Power
------------
Total Area                         430.805
Cell Area                          0.000
Leakage Power                      0.000 nW
Dynamic Power                      3529.500 nW
Total Power                        3529.500 nW


Max Fanout                         2 (c[10])
Min Fanout                         0 (p[1])
Average Fanout                     1.7
Terms to net ratio                 0.0
Runtime                            14 seconds
Hostname                           big.cerc.utexas.edu
