============================================================
  Generated by:           Encounter(R) RTL Compiler v09.10-p104_1
  Generated on:           Nov 18 2021  02:27:19 PM
  Module:                 dadda_8x8_uncompressed
  Technology libraries:   tcbn65gplustc 200
                          physical_cells 
  Operating conditions:   NCCOM 
  Interconnect mode:      global
  Area mode:              physical library
============================================================

                              Leakage   Dynamic    Total   
       Instance        Cells Power(nW) Power(nW) Power(nW) 
-----------------------------------------------------------
dadda_8x8_uncompressed     0     0.000  3529.500  3529.500 
  P_var                    0     0.000  1556.750  1556.750 
  fa0                      0     0.000   130.000   130.000 
  fa1                      0     0.000   130.000   130.000 
  fa10                     0     0.000   126.750   126.750 
  fa11                     0     0.000   130.000   130.000 
  fa12                     0     0.000   130.000   130.000 
  fa13                     0     0.000   130.000   130.000 
  fa14                     0     0.000   130.000   130.000 
  fa15                     0     0.000   130.000   130.000 
  fa16                     0     0.000   130.000   130.000 
  fa17                     0     0.000   130.000   130.000 
  fa18                     0     0.000   130.000   130.000 
  fa19                     0     0.000   130.000   130.000 
  fa2                      0     0.000   130.000   130.000 
  fa20                     0     0.000   130.000   130.000 
  fa21                     0     0.000   130.000   130.000 
  fa22                     0     0.000   130.000   130.000 
  fa23                     0     0.000   130.000   130.000 
  fa24                     0     0.000    78.000    78.000 
  fa25                     0     0.000    78.000    78.000 
  fa26                     0     0.000    78.000    78.000 
  fa27                     0     0.000    78.000    78.000 
  fa28                     0     0.000    78.000    78.000 
  fa29                     0     0.000    78.000    78.000 
  fa3                      0     0.000   130.000   130.000 
  fa30                     0     0.000    78.000    78.000 
  fa31                     0     0.000    78.000    78.000 
  fa32                     0     0.000    78.000    78.000 
  fa33                     0     0.000    78.000    78.000 
  fa34                     0     0.000    78.000    78.000 
  fa4                      0     0.000   130.000   130.000 
  fa5                      0     0.000   130.000   130.000 
  fa6                      0     0.000   130.000   130.000 
  fa7                      0     0.000   130.000   130.000 
  fa8                      0     0.000   130.000   130.000 
  fa9                      0     0.000   130.000   130.000 
  ha0                      0     0.000   104.000   104.000 
  ha1                      0     0.000   104.000   104.000 
  ha2                      0     0.000   104.000   104.000 
  ha3                      0     0.000   104.000   104.000 
  ha4                      0     0.000   104.000   104.000 
  ha5                      0     0.000   104.000   104.000 
  ha6                      0     0.000    52.000    52.000 

