============================================================
  Generated by:           Encounter(R) RTL Compiler v09.10-p104_1
  Generated on:           Nov 16 2021  08:27:35 PM
  Module:                 processsing_block_8x8
  Technology libraries:   tcbn65gplustc 200
                          physical_cells 
  Operating conditions:   NCCOM 
  Interconnect mode:      global
  Area mode:              physical library
============================================================

Timing
------

  Cost    Critical       Violating 
 Group   Path Slack TNS    Paths   
-----------------------------------
default    No paths   0            
-----------------------------------
Total                 0          0 

Instance Count
--------------

Leaf Instance Count            0 
Sequential Instance Count      0 
Combinational Instance Count   0 
Hierarchical Instance Count    0 

Area & Power
------------
Total Area                         0.000
Cell Area                          0.000
Leakage Power                      0.000 nW
Dynamic Power                      0.000 nW
Total Power                        0.000 nW


Max Fanout                         1 (before_adder[0][0])
Min Fanout                         0 (n_0)
Average Fanout                     1.0
Terms to net ratio                 0.0
Runtime                            19 seconds
Hostname                           big.cerc.utexas.edu
