13:36:03    16 -->                                                             [tcl] ucliGUI::connect -toolargs -ucligui -toolexe ./simv -pid 29687 -toolin /tmp/vcs_20211111193557_29686_sxie..stdin -toolout /tmp/vcs_20211111193557_29686_sxie..stdout  
13:36:03    17 -->                                                                 [tcl] set ucliGUI::state
13:36:03    18 -->                                                                     [tcl] gui_update_simulator_buttons
13:36:04    19 -->                                                                         [tcl] set ucliGUI::state
13:36:04    20 -->                                                                             [tcl] ucliCore::getToolPID
13:36:04    21 -->                                                                                 [tcl] synopsys::env hasTB
13:36:04    22 -->                                                                                     [tcl] trigger_hier_stack_context_switch 0
13:36:04    23 -->                                                                                         [tcl] synUtils::setDVEInitPhase 1
13:36:04    24 -->                                                                                             [tcl] gui_get_env SIMSETUP::SIMVPD
13:36:04    25 --> ...  [tcl] synopsys::dump -type VPD -file /home/polaris/sxie/tsmc65/verilog/HighSpeedProject/inter.vpd -locking
13:36:04    26 --> ...      [tcl] synopsys::dump -autoflush on -fid VPD0
13:36:04    27 --> ...          [tcl] set ::dve_fid VPD0
13:36:04    28 --> ...              [tcl] synUtils::setDVEInitPhase 0
13:36:04    29 --> ...                  [tcl] ucliCore::getToolPID
13:36:04    30 --> ...                      [tcl] synUtils::sendTool -active _icl_setToolSocket /tmp/smlnpiJ48wZ
13:36:04    31 --> ...                          [tcl] synUtils::sendTool -active {_icl_start_rpc -version "M-2017.03-SP2_Full64" -sync_file /tmp/vcs_dve_rpc.sxie.29687}
13:36:04    32 --> ...                              [tcl] synUtils::sendTool -active {_icl_createSharedMemory /tmp/vcs_dve_general.sxie.29687}
13:36:04    33 --> ...                                  [tcl] dveMisc::vbusExpand timeunit
13:36:04    34 --> ...                                      [tcl] config endofsim noexit
13:36:04    35 --> ...                                          [tcl] config onfail enable all
13:36:04    36 --> ...                                              [tcl] config syscaddplainmembers
13:36:04    37 --> ...                                                  [tcl] config syscaddsourcenames
13:36:04    38 --> ...                                                      [tcl] config syscaddstructtypes
13:36:04    39 --> ...                                                          [tcl] synopsys::listing -disable
13:39:52    40 --> ...                                                              [tcl] dveMisc::vbusExpand full_adder_test.full_adder_uut
13:41:46    41 --> ...                                                                  [tcl] synopsys::dump -add {full_adder_test.full_adder_uut} -scope "." -depth 1 -fid VPD0
13:41:56    42 --> ...                                                                      [tcl] synopsys::run -relative 1000000.000000ps
13:41:56    43 --> ...                                                                          [tcl] set ucliGUI::state
13:41:56    44 --> ...                                                                              [tcl] gui_update_simulator_buttons
13:41:56    45 --> ...                                                                                  [tcl] set ucliGUI::state
13:41:56    46 --> ...                                                                                      [tcl] set ucliGUI::state
13:41:56    47 --> ...                                                                                          [tcl] set ucliGUI::state
13:41:56    48 --> ...                                                                                              [tcl] set ucliGUI::state
13:41:56    49 --> ...                                                                                                  [tcl] catch {senv activeDomain} dveMisc::result 
13:41:56    50 --> ...  [tcl] set dveMisc::result
13:41:56    51 --> ...      [tcl] gui_update_simulator_buttons
20:00:53    52 --> ...          [tcl] if [catch {gui_sim_terminate}] {gui_sim_terminate -kill}
20:00:53    53 --> ...              [tcl] synopsys::finish
20:00:53    54 --> ...                  [tcl] set ucliGUI::state
20:00:53    55 --> ...                      [tcl] gui_update_simulator_buttons
20:00:53    56 --> ...                          [tcl] set ucliGUI::state
20:00:53    57 --> ...                              [tcl] catch {senv activeDomain} dveMisc::result 
20:00:53    58 --> ...                                  [tcl] set dveMisc::result
20:00:53    59 --> ...                                      [tcl] gui_update_simulator_buttons
20:00:53    60 --> ...                                          [tcl] catch {senv activeDomain} dveMisc::result 
20:00:53    61 --> ...                                              [tcl] set dveMisc::result
20:00:53    62 --> ...                                                  [tcl] ucli_exit
