# Preference setting overrides
gui_set_pref_value -category {Globals} -key {app_default_font} -value {Helvetica,6,-1,5,50,0,0,0,0,0}
gui_create_pref_key -category {Globals} -key {load_detail_for_funcov} -value_type {bool} -value {false}
gui_create_pref_category -category {dlg_settings}
gui_create_pref_key -category {dlg_settings} -key {tableWithImmediatePopup} -value_type {bool} -value {true}
gui_create_pref_category -category {schem_obj_name}
gui_create_pref_key -category {schem_obj_name} -key {show_cell_and_pin_with_symbol_name} -value_type {bool} -value {false}
gui_create_pref_key -category {schem_pin_hc} -key {textExtFont} -value_type {string} -value {Helvetica,10,-1,5,50,0,0,0,0,0}

# State setting overrides
gui_state_default_create -off -ini
gui_set_state_value -category Globals -key recent_databases -value {{gui_open_db -file inter.vpd} {gui_open_db -file /home/unga/meizhiw/tsmc40/AES/sim/example1_aes_netlist.vpd -design V1} {gui_open_db -file /home/unga/meizhiw/tsmc40/AES/sim_gls/example1.vpd -design V1}}
gui_set_state_value -category Layout -key child_console_size_x -value 2559
gui_set_state_value -category Layout -key child_console_size_y -value 178
gui_set_state_value -category Layout -key child_data_coltype -value 48
gui_set_state_value -category Layout -key child_data_colvalue -value 108
gui_set_state_value -category Layout -key child_data_colvariable -value 226
gui_set_state_value -category Layout -key child_data_size_x -value 339
gui_set_state_value -category Layout -key child_data_size_y -value 742
gui_set_state_value -category Layout -key child_hier_col3 -value {-1}
gui_set_state_value -category Layout -key child_hier_colhier -value 222
gui_set_state_value -category Layout -key child_hier_colpd -value 0
gui_set_state_value -category Layout -key child_hier_size_x -value 105
gui_set_state_value -category Layout -key child_hier_size_y -value 742
gui_set_state_value -category Layout -key child_hier_sort_order -value 1
gui_set_state_value -category Layout -key child_list_down -value 141
gui_set_state_value -category Layout -key child_list_right -value 444
gui_set_state_value -category Layout -key child_schematic_docknewline -value false
gui_set_state_value -category Layout -key child_schematic_pos_x -value {-2}
gui_set_state_value -category Layout -key child_schematic_pos_y -value {-18}
gui_set_state_value -category Layout -key child_schematic_size_x -value 995
gui_set_state_value -category Layout -key child_schematic_size_y -value 682
gui_set_state_value -category Layout -key child_source_docknewline -value false
gui_set_state_value -category Layout -key child_source_pos_x -value {-2}
gui_set_state_value -category Layout -key child_source_pos_y -value {-20}
gui_set_state_value -category Layout -key child_source_size_x -value 2118
gui_set_state_value -category Layout -key child_source_size_y -value 738
gui_set_state_value -category Layout -key child_watch_size_x -value 1433
gui_set_state_value -category Layout -key child_watch_size_y -value 177
gui_set_state_value -category Layout -key child_wave_colname -value 370
gui_set_state_value -category Layout -key child_wave_colvalue -value 369
gui_set_state_value -category Layout -key child_wave_left -value 743
gui_set_state_value -category Layout -key child_wave_right -value 1811
gui_set_state_value -category Layout -key main_pos_x -value 0
gui_set_state_value -category Layout -key main_pos_y -value 177
gui_set_state_value -category Layout -key main_size_x -value 2559
gui_set_state_value -category Layout -key main_size_y -value 1192
gui_set_state_value -category Layout -key stand_list_child_docknewline -value false
gui_set_state_value -category Layout -key stand_list_child_pos_x -value {-2}
gui_set_state_value -category Layout -key stand_list_child_pos_y -value {-15}
gui_set_state_value -category Layout -key stand_list_child_size_x -value 604
gui_set_state_value -category Layout -key stand_list_child_size_y -value 286
gui_set_state_value -category Layout -key stand_list_top_pos_y -value 64
gui_set_state_value -category Layout -key stand_list_top_size_x -value 1099
gui_set_state_value -category Layout -key stand_list_top_size_y -value 563
gui_set_state_value -category Layout -key stand_source_child_docknewline -value false
gui_set_state_value -category Layout -key stand_source_child_pos_x -value {-2}
gui_set_state_value -category Layout -key stand_source_child_pos_y -value {-15}
gui_set_state_value -category Layout -key stand_source_child_size_x -value 504
gui_set_state_value -category Layout -key stand_source_child_size_y -value 186
gui_set_state_value -category Layout -key stand_source_top_pos_y -value 487
gui_set_state_value -category Layout -key stand_source_top_size_x -value 1049
gui_set_state_value -category Layout -key stand_source_top_size_y -value 886
gui_set_state_value -category Layout -key stand_wave_child_docknewline -value false
gui_set_state_value -category Layout -key stand_wave_child_pos_x -value {-2}
gui_set_state_value -category Layout -key stand_wave_child_pos_y -value {-20}
gui_set_state_value -category Layout -key stand_wave_child_size_x -value 2564
gui_set_state_value -category Layout -key stand_wave_child_size_y -value 916
gui_set_state_value -category Layout -key stand_wave_top_pos_x -value 0
gui_set_state_value -category Layout -key stand_wave_top_pos_y -value 80
gui_set_state_value -category Layout -key stand_wave_top_size_x -value 2559
gui_set_state_value -category Layout -key stand_wave_top_size_y -value 1095
gui_create_state_key -category FindDialog -key m_pMatchCase -value_type bool -value false
gui_create_state_key -category FindDialog -key m_pMatchWord -value_type bool -value false
gui_create_state_key -category FindDialog -key m_pUseCombo -value_type string -value {}
gui_create_state_key -category FindDialog -key m_pWrapAround -value_type bool -value true
gui_create_state_key -category Widget_History -key Find|m_pFindFrame|m_pFindCombo -value_type string -value {RWL_out latch_SA_OUT_EN latched_X_ADDR SA_OUT_in RBL_EN_Ising}
gui_create_state_key -category Widget_History -key TopLevel.1|qt_top_dock|&Edit|FindCombo -value_type string -value {RWL_out latch_SA_OUT_EN latched_X_ADDR SA_OUT_in RBL_EN_Ising}
gui_create_state_key -category Widget_History -key TopLevel.2|qt_top_dock|&Edit|FindCombo -value_type string -value {RWL_out latch_SA_OUT_EN latched_X_ADDR SA_OUT_in RBL_EN_Ising}
gui_create_state_key -category Widget_History -key {dveFileDialogImpl|directory history/editor} -value_type string -value /home
gui_state_default_create -off

# Begin command logging
gui_sim_run Ucli -exe ./simv -args {-ucligui  } -dir .
gui_list_expand -id  Hier.1   full_adder_test
gui_list_select -id Hier.1 -current_item_name full_adder_test.full_adder_uut -current_item_type Scope  -selected  { full_adder_test.full_adder_uut   }
gui_open_window Wave
gui_list_add -id Wave.1 -from Hier.1 { full_adder_test.full_adder_uut } -insertionbar
gui_sim_continue 100000 
gui_zoom -window Wave.1 -full
gui_list_select -id Wave.1 -selected  { full_adder_test.full_adder_uut.c_in   }
gui_list_move  -id  Wave.1    -sid  Wave.1   -after full_adder_test.full_adder_uut.b {{full_adder_test.full_adder_uut.c_in}} 
gui_list_select -id Wave.1 -selected  { full_adder_test.full_adder_uut.carry   }
gui_list_move  -id  Wave.1    -sid  Wave.1   -after full_adder_test.full_adder_uut.sum {{full_adder_test.full_adder_uut.carry}} 
gui_list_select -id Wave.1 -selected  { full_adder_test.full_adder_uut.a   }
gui_list_select -id Wave.1 -selected  { full_adder_test.full_adder_uut.carry   }
gui_list_move  -id  Wave.1    -sid  Wave.1   -after full_adder_uut {{full_adder_test.full_adder_uut.carry}}
gui_wv_zoom_timerange -id  Wave.1 0 89280
gui_set_pref_value -category {Globals} -key {app_default_font} -value {Helvetica,12,-1,5,50,0,0,0,0,0}
gui_wv_zoom_timerange -id  Wave.1 0 89280
gui_wv_zoom_timerange -id  Wave.1 0 89280
gui_wv_zoom_timerange -id  Wave.1 0 89280
gui_wv_zoom_timerange -id  Wave.1 0 89280
gui_set_pref_value -category {Globals} -key {app_default_font} -value {Helvetica,10,-1,5,50,0,0,0,0,0}
gui_wv_zoom_timerange -id  Wave.1 0 89280
gui_wv_zoom_timerange -id  Wave.1 0 89280
gui_wv_zoom_timerange -id  Wave.1 0 89280
gui_wv_zoom_timerange -id  Wave.1 0 89280
gui_close_window -window TopLevel.1
