set ucliGUI::state
set ucliGUI::state
ucliCore::getToolPID
synopsys::env hasTB
trigger_hier_stack_context_switch 0
synUtils::setDVEInitPhase 1
synopsys::dump -type VPD -file /home/polaris/sxie/tsmc65/verilog/Dadda_Multiplier_w_Compressor/rca_16b/inter.vpd -locking
synopsys::dump -autoflush on -fid VPD0
set ::dve_fid VPD0
synUtils::setDVEInitPhase 0
ucliCore::getToolPID
synUtils::sendTool -active _icl_setToolSocket /tmp/smlnpsJ8tcR
synUtils::sendTool -active {_icl_start_rpc -version "M-2017.03-SP2_Full64" -sync_file /tmp/vcs_dve_rpc.sxie.12186}
synUtils::sendTool -active {_icl_createSharedMemory /tmp/vcs_dve_general.sxie.12186}
config endofsim noexit
config onfail enable all
config syscaddplainmembers
config syscaddsourcenames
config syscaddstructtypes
synopsys::listing -disable
synopsys::dump -add {rca_16b_test.uut.a rca_16b_test.uut.b rca_16b_test.uut.c1 rca_16b_test.uut.c2 rca_16b_test.uut.c3 rca_16b_test.uut.cin rca_16b_test.uut.cout rca_16b_test.uut.sum } -aggregates  -fid VPD0
synopsys::run -relative 110000.000000ps
set ucliGUI::state
set ucliGUI::state
set ucliGUI::state
set ucliGUI::state
set ucliGUI::state
synopsys::run -relative 110000.000000ps
set ucliGUI::state
set ucliGUI::state
set ucliGUI::state
set ucliGUI::state
set ucliGUI::state
synopsys::run -relative 110000.000000ps
set ucliGUI::state
set ucliGUI::state
set ucliGUI::state
set ucliGUI::state
set ucliGUI::state
if [catch {gui_sim_terminate}] {gui_sim_terminate -kill}
synopsys::finish
set ucliGUI::state
set ucliGUI::state
ucli_exit
